<?xml version="1.0" encoding="UTF-8"?>
<testng-results ignored="0" total="1" passed="1" failed="0" skipped="0">
  <reporter-output>
  </reporter-output>
  <suite started-at="2023-10-10T15:10:29 EDT" name="Default suite" finished-at="2023-10-10T15:10:35 EDT" duration-ms="5941">
    <groups>
    </groups>
    <test started-at="2023-10-10T15:10:29 EDT" name="Default test" finished-at="2023-10-10T15:10:35 EDT" duration-ms="5941">
      <class name="test.RegisterTest">
        <test-method signature="validateUserSHouldBeAbleToRegister()[pri:0, instance:test.RegisterTest@2beee7ff]" started-at="2023-10-10T15:10:29 EDT" name="validateUserSHouldBeAbleToRegister" finished-at="2023-10-10T15:10:35 EDT" duration-ms="5907" status="PASS">
          <reporter-output>
          </reporter-output>
        </test-method> <!-- validateUserSHouldBeAbleToRegister -->
      </class> <!-- test.RegisterTest -->
    </test> <!-- Default test -->
  </suite> <!-- Default suite -->
</testng-results>
